#
# There is insufficient memory for the Java Runtime Environment to continue.
# Native memory allocation (malloc) failed to allocate 4294967296 bytes for committing reserved memory.
# Possible reasons:
#   The system is out of physical RAM or swap space
#   In 32 bit mode, the process size limit was hit
# Possible solutions:
#   Reduce memory load on the system
#   Increase physical memory or swap space
#   Check if swap backing store is full
#   Use 64 bit Java on a 64 bit OS
#   Decrease Java heap size (-Xmx/-Xms)
#   Decrease number of Java threads
#   Decrease Java thread stack sizes (-Xss)
#   Set larger code cache with -XX:ReservedCodeCacheSize=
# This output file may be truncated or incomplete.
#
#  Out of Memory Error (os_linux.cpp:2827), pid=11155, tid=139838220777216
#
# JRE version:  (7.0_95) (build )
# Java VM: OpenJDK 64-Bit Server VM (24.95-b01 mixed mode linux-amd64 compressed oops)
# Derivative: IcedTea 2.6.4
# Distribution: Debian GNU/Linux 8.2 (jessie), package 7u95-2.6.4-1~deb8u1
# Failed to write core dump. Core dumps have been disabled. To enable core dumping, try "ulimit -c unlimited" before starting Java again
#

---------------  T H R E A D  ---------------

Current thread (0x00007f2e9800a000):  JavaThread "Unknown thread" [_thread_in_vm, id=11174, stack(0x00007f2e9f69b000,0x00007f2e9f79c000)]

Stack: [0x00007f2e9f69b000,0x00007f2e9f79c000],  sp=0x00007f2e9f79a510,  free space=1021k
Native frames: (J=compiled Java code, j=interpreted, Vv=VM code, C=native code)
V  [libjvm.so+0x987a96]
V  [libjvm.so+0x492972]
V  [libjvm.so+0x7f9d3b]
V  [libjvm.so+0x7f441e]
V  [libjvm.so+0x984924]
V  [libjvm.so+0x578da2]
V  [libjvm.so+0x92af59]
V  [libjvm.so+0x5798d2]
V  [libjvm.so+0x56881d]
V  [libjvm.so+0x951537]
V  [libjvm.so+0x951886]
V  [libjvm.so+0x5b465f]
V  [libjvm.so+0x9360cf]
V  [libjvm.so+0x6239f0]  JNI_CreateJavaVM+0x60
C  [libjli.so+0x2b8e]


---------------  P R O C E S S  ---------------

Java Threads: ( => current thread )

Other Threads:

=>0x00007f2e9800a000 (exited) JavaThread "Unknown thread" [_thread_in_vm, id=11174, stack(0x00007f2e9f69b000,0x00007f2e9f79c000)]

VM state:not at safepoint (not fully initialized)

VM Mutex/Monitor currently owned by a thread: None

GC Heap History (0 events):
No events

Deoptimization events (0 events):
No events

Internal exceptions (0 events):
No events

Events (0 events):
No events


Dynamic libraries:
00400000-00401000 r-xp 00000000 00:21 4363                               /usr/lib/jvm/java-7-openjdk-amd64/jre/bin/java
00600000-00601000 r--p 00000000 00:21 4363                               /usr/lib/jvm/java-7-openjdk-amd64/jre/bin/java
00601000-00602000 rw-p 00001000 00:21 4363                               /usr/lib/jvm/java-7-openjdk-amd64/jre/bin/java
02040000-02061000 rw-p 00000000 00:00 0                                  [heap]
670000000-6f0000000 rw-p 00000000 00:00 0 
7f0000000-800000000 rw-p 00000000 00:00 0 
7f2e9437f000-7f2e9477f000 rw-p 00000000 00:00 0 
7f2e9477f000-7f2e94fff000 rw-p 00000000 00:00 0 
7f2e94fff000-7f2e95000000 rw-p 00000000 00:00 0 
7f2e95000000-7f2e95270000 rwxp 00000000 00:00 0 
7f2e95270000-7f2e98024000 rw-p 00000000 00:00 0 
7f2e98024000-7f2e9c000000 ---p 00000000 00:00 0 
7f2e9c2a7000-7f2e9c2af000 r-xp 00000000 00:21 4564                       /usr/lib/jvm/java-7-openjdk-amd64/jre/lib/amd64/libzip.so
7f2e9c2af000-7f2e9c4ae000 ---p 00008000 00:21 4564                       /usr/lib/jvm/java-7-openjdk-amd64/jre/lib/amd64/libzip.so
7f2e9c4ae000-7f2e9c4af000 r--p 00007000 00:21 4564                       /usr/lib/jvm/java-7-openjdk-amd64/jre/lib/amd64/libzip.so
7f2e9c4af000-7f2e9c4b0000 rw-p 00008000 00:21 4564                       /usr/lib/jvm/java-7-openjdk-amd64/jre/lib/amd64/libzip.so
7f2e9c4b0000-7f2e9c4bb000 r-xp 00000000 00:21 76                         /lib/x86_64-linux-gnu/libnss_files-2.19.so
7f2e9c4bb000-7f2e9c6ba000 ---p 0000b000 00:21 76                         /lib/x86_64-linux-gnu/libnss_files-2.19.so
7f2e9c6ba000-7f2e9c6bb000 r--p 0000a000 00:21 76                         /lib/x86_64-linux-gnu/libnss_files-2.19.so
7f2e9c6bb000-7f2e9c6bc000 rw-p 0000b000 00:21 76                         /lib/x86_64-linux-gnu/libnss_files-2.19.so
7f2e9c6bc000-7f2e9c6c6000 r-xp 00000000 00:21 74                         /lib/x86_64-linux-gnu/libnss_nis-2.19.so
7f2e9c6c6000-7f2e9c8c5000 ---p 0000a000 00:21 74                         /lib/x86_64-linux-gnu/libnss_nis-2.19.so
7f2e9c8c5000-7f2e9c8c6000 r--p 00009000 00:21 74                         /lib/x86_64-linux-gnu/libnss_nis-2.19.so
7f2e9c8c6000-7f2e9c8c7000 rw-p 0000a000 00:21 74                         /lib/x86_64-linux-gnu/libnss_nis-2.19.so
7f2e9c8c7000-7f2e9c8dc000 r-xp 00000000 00:21 72                         /lib/x86_64-linux-gnu/libnsl-2.19.so
7f2e9c8dc000-7f2e9cadb000 ---p 00015000 00:21 72                         /lib/x86_64-linux-gnu/libnsl-2.19.so
7f2e9cadb000-7f2e9cadc000 r--p 00014000 00:21 72                         /lib/x86_64-linux-gnu/libnsl-2.19.so
7f2e9cadc000-7f2e9cadd000 rw-p 00015000 00:21 72                         /lib/x86_64-linux-gnu/libnsl-2.19.so
7f2e9cadd000-7f2e9cadf000 rw-p 00000000 00:00 0 
7f2e9cadf000-7f2e9cae6000 r-xp 00000000 00:21 70                         /lib/x86_64-linux-gnu/libnss_compat-2.19.so
7f2e9cae6000-7f2e9cce5000 ---p 00007000 00:21 70                         /lib/x86_64-linux-gnu/libnss_compat-2.19.so
7f2e9cce5000-7f2e9cce6000 r--p 00006000 00:21 70                         /lib/x86_64-linux-gnu/libnss_compat-2.19.so
7f2e9cce6000-7f2e9cce7000 rw-p 00007000 00:21 70                         /lib/x86_64-linux-gnu/libnss_compat-2.19.so
7f2e9cce7000-7f2e9cd14000 r-xp 00000000 00:21 4370                       /usr/lib/jvm/java-7-openjdk-amd64/jre/lib/amd64/libjava.so
7f2e9cd14000-7f2e9cf13000 ---p 0002d000 00:21 4370                       /usr/lib/jvm/java-7-openjdk-amd64/jre/lib/amd64/libjava.so
7f2e9cf13000-7f2e9cf14000 r--p 0002c000 00:21 4370                       /usr/lib/jvm/java-7-openjdk-amd64/jre/lib/amd64/libjava.so
7f2e9cf14000-7f2e9cf16000 rw-p 0002d000 00:21 4370                       /usr/lib/jvm/java-7-openjdk-amd64/jre/lib/amd64/libjava.so
7f2e9cf16000-7f2e9cf25000 r-xp 00000000 00:21 4561                       /usr/lib/jvm/java-7-openjdk-amd64/jre/lib/amd64/libverify.so
7f2e9cf25000-7f2e9d124000 ---p 0000f000 00:21 4561                       /usr/lib/jvm/java-7-openjdk-amd64/jre/lib/amd64/libverify.so
7f2e9d124000-7f2e9d127000 r--p 0000e000 00:21 4561                       /usr/lib/jvm/java-7-openjdk-amd64/jre/lib/amd64/libverify.so
7f2e9d127000-7f2e9d128000 rw-p 00011000 00:21 4561                       /usr/lib/jvm/java-7-openjdk-amd64/jre/lib/amd64/libverify.so
7f2e9d128000-7f2e9d12f000 r-xp 00000000 00:21 122                        /lib/x86_64-linux-gnu/librt-2.19.so
7f2e9d12f000-7f2e9d32e000 ---p 00007000 00:21 122                        /lib/x86_64-linux-gnu/librt-2.19.so
7f2e9d32e000-7f2e9d32f000 r--p 00006000 00:21 122                        /lib/x86_64-linux-gnu/librt-2.19.so
7f2e9d32f000-7f2e9d330000 rw-p 00007000 00:21 122                        /lib/x86_64-linux-gnu/librt-2.19.so
7f2e9d330000-7f2e9d346000 r-xp 00000000 00:21 3989                       /lib/x86_64-linux-gnu/libgcc_s.so.1
7f2e9d346000-7f2e9d545000 ---p 00016000 00:21 3989                       /lib/x86_64-linux-gnu/libgcc_s.so.1
7f2e9d545000-7f2e9d546000 rw-p 00015000 00:21 3989                       /lib/x86_64-linux-gnu/libgcc_s.so.1
7f2e9d546000-7f2e9d646000 r-xp 00000000 00:21 124                        /lib/x86_64-linux-gnu/libm-2.19.so
7f2e9d646000-7f2e9d845000 ---p 00100000 00:21 124                        /lib/x86_64-linux-gnu/libm-2.19.so
7f2e9d845000-7f2e9d846000 r--p 000ff000 00:21 124                        /lib/x86_64-linux-gnu/libm-2.19.so
7f2e9d846000-7f2e9d847000 rw-p 00100000 00:21 124                        /lib/x86_64-linux-gnu/libm-2.19.so
7f2e9d847000-7f2e9d933000 r-xp 00000000 00:21 3988                       /usr/lib/x86_64-linux-gnu/libstdc++.so.6.0.20
7f2e9d933000-7f2e9db33000 ---p 000ec000 00:21 3988                       /usr/lib/x86_64-linux-gnu/libstdc++.so.6.0.20
7f2e9db33000-7f2e9db3b000 r--p 000ec000 00:21 3988                       /usr/lib/x86_64-linux-gnu/libstdc++.so.6.0.20
7f2e9db3b000-7f2e9db3d000 rw-p 000f4000 00:21 3988                       /usr/lib/x86_64-linux-gnu/libstdc++.so.6.0.20
7f2e9db3d000-7f2e9db52000 rw-p 00000000 00:00 0 
7f2e9db52000-7f2e9e6a8000 r-xp 00000000 00:21 4373                       /usr/lib/jvm/java-7-openjdk-amd64/jre/lib/amd64/server/libjvm.so
7f2e9e6a8000-7f2e9e8a7000 ---p 00b56000 00:21 4373                       /usr/lib/jvm/java-7-openjdk-amd64/jre/lib/amd64/server/libjvm.so
7f2e9e8a7000-7f2e9e946000 r--p 00d55000 00:21 4373                       /usr/lib/jvm/java-7-openjdk-amd64/jre/lib/amd64/server/libjvm.so
7f2e9e946000-7f2e9e969000 rw-p 00df4000 00:21 4373                       /usr/lib/jvm/java-7-openjdk-amd64/jre/lib/amd64/server/libjvm.so
7f2e9e969000-7f2e9e996000 rw-p 00000000 00:00 0 
7f2e9e996000-7f2e9e9b0000 r-xp 00000000 00:21 4369                       /lib/x86_64-linux-gnu/libz.so.1.2.8
7f2e9e9b0000-7f2e9ebaf000 ---p 0001a000 00:21 4369                       /lib/x86_64-linux-gnu/libz.so.1.2.8
7f2e9ebaf000-7f2e9ebb0000 r--p 00019000 00:21 4369                       /lib/x86_64-linux-gnu/libz.so.1.2.8
7f2e9ebb0000-7f2e9ebb1000 rw-p 0001a000 00:21 4369                       /lib/x86_64-linux-gnu/libz.so.1.2.8
7f2e9ebb1000-7f2e9ed53000 r-xp 00000000 00:21 41                         /lib/x86_64-linux-gnu/libc-2.19.so
7f2e9ed53000-7f2e9ef52000 ---p 001a2000 00:21 41                         /lib/x86_64-linux-gnu/libc-2.19.so
7f2e9ef52000-7f2e9ef56000 r--p 001a1000 00:21 41                         /lib/x86_64-linux-gnu/libc-2.19.so
7f2e9ef56000-7f2e9ef58000 rw-p 001a5000 00:21 41                         /lib/x86_64-linux-gnu/libc-2.19.so
7f2e9ef58000-7f2e9ef5c000 rw-p 00000000 00:00 0 
7f2e9ef5c000-7f2e9ef5f000 r-xp 00000000 00:21 50                         /lib/x86_64-linux-gnu/libdl-2.19.so
7f2e9ef5f000-7f2e9f15e000 ---p 00003000 00:21 50                         /lib/x86_64-linux-gnu/libdl-2.19.so
7f2e9f15e000-7f2e9f15f000 r--p 00002000 00:21 50                         /lib/x86_64-linux-gnu/libdl-2.19.so
7f2e9f15f000-7f2e9f160000 rw-p 00003000 00:21 50                         /lib/x86_64-linux-gnu/libdl-2.19.so
7f2e9f160000-7f2e9f16d000 r-xp 00000000 00:21 4367                       /usr/lib/jvm/java-7-openjdk-amd64/jre/lib/amd64/jli/libjli.so
7f2e9f16d000-7f2e9f36c000 ---p 0000d000 00:21 4367                       /usr/lib/jvm/java-7-openjdk-amd64/jre/lib/amd64/jli/libjli.so
7f2e9f36c000-7f2e9f36d000 r--p 0000c000 00:21 4367                       /usr/lib/jvm/java-7-openjdk-amd64/jre/lib/amd64/jli/libjli.so
7f2e9f36d000-7f2e9f36e000 rw-p 0000d000 00:21 4367                       /usr/lib/jvm/java-7-openjdk-amd64/jre/lib/amd64/jli/libjli.so
7f2e9f36e000-7f2e9f386000 r-xp 00000000 00:21 64                         /lib/x86_64-linux-gnu/libpthread-2.19.so
7f2e9f386000-7f2e9f585000 ---p 00018000 00:21 64                         /lib/x86_64-linux-gnu/libpthread-2.19.so
7f2e9f585000-7f2e9f586000 r--p 00017000 00:21 64                         /lib/x86_64-linux-gnu/libpthread-2.19.so
7f2e9f586000-7f2e9f587000 rw-p 00018000 00:21 64                         /lib/x86_64-linux-gnu/libpthread-2.19.so
7f2e9f587000-7f2e9f58b000 rw-p 00000000 00:00 0 
7f2e9f58b000-7f2e9f5ab000 r-xp 00000000 00:21 38                         /lib/x86_64-linux-gnu/ld-2.19.so
7f2e9f5d3000-7f2e9f5dd000 rw-p 00000000 00:00 0 
7f2e9f5dd000-7f2e9f693000 rw-p 00000000 00:00 0 
7f2e9f693000-7f2e9f69b000 rw-s 00000000 00:21 11506                      /tmp/hsperfdata_jovyan/11155
7f2e9f69b000-7f2e9f69e000 ---p 00000000 00:00 0 
7f2e9f69e000-7f2e9f7a1000 rw-p 00000000 00:00 0                          [stack:11174]
7f2e9f7a5000-7f2e9f7a8000 rw-p 00000000 00:00 0 
7f2e9f7a8000-7f2e9f7a9000 r--p 00000000 00:00 0 
7f2e9f7a9000-7f2e9f7ab000 rw-p 00000000 00:00 0 
7f2e9f7ab000-7f2e9f7ac000 r--p 00020000 00:21 38                         /lib/x86_64-linux-gnu/ld-2.19.so
7f2e9f7ac000-7f2e9f7ad000 rw-p 00021000 00:21 38                         /lib/x86_64-linux-gnu/ld-2.19.so
7f2e9f7ad000-7f2e9f7ae000 rw-p 00000000 00:00 0 
7ffe260e2000-7ffe26103000 rw-p 00000000 00:00 0                          [stack]
7ffe261b3000-7ffe261b5000 r-xp 00000000 00:00 0                          [vdso]
ffffffffff600000-ffffffffff601000 r-xp 00000000 00:00 0                  [vsyscall]

VM Arguments:
jvm_args: -Djava.security.krb5.conf=/opt/hathi-client/conf/krb5.conf -Djava.security.krb5.realm=CUA.SURFSARA.NL -Djava.security.krb5.kdc=kdc.hathi.surfsara.nl -Xms6g -Xmx6g -XX:MaxPermSize=256m 
java_command: org.apache.spark.deploy.SparkSubmit pyspark-shell
Launcher Type: SUN_STANDARD

Environment Variables:
JAVA_HOME=/usr/lib/jvm/java-7-openjdk-amd64/
PATH=/opt/conda/bin:/usr/local/sbin:/usr/local/bin:/usr/sbin:/usr/bin:/sbin:/bin:/opt/hathi-client/hadoop/bin::/opt/hathi-client
SHELL=/bin/bash

Signal Handlers:
SIGSEGV: [libjvm.so+0x988580], sa_mask[0]=0x7ffbfeff, sa_flags=0x10000004
SIGBUS: [libjvm.so+0x988580], sa_mask[0]=0x7ffbfeff, sa_flags=0x10000004
SIGFPE: [libjvm.so+0x7f5280], sa_mask[0]=0x7ffbfeff, sa_flags=0x10000004
SIGPIPE: [libjvm.so+0x7f5280], sa_mask[0]=0x7ffbfeff, sa_flags=0x10000004
SIGXFSZ: [libjvm.so+0x7f5280], sa_mask[0]=0x7ffbfeff, sa_flags=0x10000004
SIGILL: [libjvm.so+0x7f5280], sa_mask[0]=0x7ffbfeff, sa_flags=0x10000004
SIGUSR1: SIG_DFL, sa_mask[0]=0x00000000, sa_flags=0x00000000
SIGUSR2: [libjvm.so+0x7f5100], sa_mask[0]=0x00000000, sa_flags=0x10000004
SIGHUP: SIG_DFL, sa_mask[0]=0x00000000, sa_flags=0x00000000
SIGINT: SIG_IGN, sa_mask[0]=0x00000000, sa_flags=0x00000000
SIGTERM: SIG_DFL, sa_mask[0]=0x00000000, sa_flags=0x00000000
SIGQUIT: SIG_DFL, sa_mask[0]=0x00000000, sa_flags=0x00000000
SIGTRAP: SIG_DFL, sa_mask[0]=0x00000000, sa_flags=0x00000000


---------------  S Y S T E M  ---------------

OS:8.3

uname:Linux 3.13.0-85-generic #129-Ubuntu SMP Thu Mar 17 20:50:15 UTC 2016 x86_64
libc:glibc 2.19 NPTL 2.19 
rlimit: STACK 8192k, CORE 0k, NPROC 63706, NOFILE 4096, AS infinity
load average:0.06 0.03 0.05

/proc/meminfo:
MemTotal:        8176996 kB
MemFree:         2691528 kB
Buffers:          154952 kB
Cached:           766528 kB
SwapCached:        10148 kB
Active:          4720292 kB
Inactive:         552484 kB
Active(anon):    3964668 kB
Inactive(anon):   388064 kB
Active(file):     755624 kB
Inactive(file):   164420 kB
Unevictable:           0 kB
Mlocked:               0 kB
SwapTotal:        524284 kB
SwapFree:         500164 kB
Dirty:                20 kB
Writeback:             0 kB
AnonPages:       4345412 kB
Mapped:            48492 kB
Shmem:              1436 kB
Slab:             126220 kB
SReclaimable:      78920 kB
SUnreclaim:        47300 kB
KernelStack:        1560 kB
PageTables:        13412 kB
NFS_Unstable:          0 kB
Bounce:                0 kB
WritebackTmp:          0 kB
CommitLimit:     4612780 kB
Committed_AS:   10359148 kB
VmallocTotal:   34359738367 kB
VmallocUsed:       25824 kB
VmallocChunk:   34359702268 kB
HardwareCorrupted:     0 kB
AnonHugePages:   3284992 kB
HugePages_Total:       0
HugePages_Free:        0
HugePages_Rsvd:        0
HugePages_Surp:        0
Hugepagesize:       2048 kB
DirectMap4k:       73600 kB
DirectMap2M:     5169152 kB
DirectMap1G:     5242880 kB


CPU:total 1 (1 cores per cpu, 1 threads per core) family 6 model 63 stepping 2, cmov, cx8, fxsr, mmx, sse, sse2, sse3, ssse3, sse4.1, sse4.2, popcnt, avx, avx2, aes, erms, tsc

/proc/cpuinfo:
processor	: 0
vendor_id	: GenuineIntel
cpu family	: 6
model		: 63
model name	: Intel(R) Xeon(R) CPU E5-2698 v3 @ 2.30GHz
stepping	: 2
microcode	: 0x1
cpu MHz		: 2299.994
cache size	: 40960 KB
physical id	: 0
siblings	: 1
core id		: 0
cpu cores	: 1
apicid		: 0
initial apicid	: 0
fpu		: yes
fpu_exception	: yes
cpuid level	: 13
wp		: yes
flags		: fpu vme de pse tsc msr pae mce cx8 apic sep mtrr pge mca cmov pat pse36 clflush mmx fxsr sse sse2 ss syscall nx pdpe1gb rdtscp lm constant_tsc arch_perfmon rep_good nopl eagerfpu pni pclmulqdq ssse3 fma cx16 pcid sse4_1 sse4_2 x2apic movbe popcnt tsc_deadline_timer aes xsave avx f16c rdrand hypervisor lahf_lm abm arat xsaveopt fsgsbase tsc_adjust bmi1 avx2 smep bmi2 erms invpcid
bogomips	: 4599.98
clflush size	: 64
cache_alignment	: 64
address sizes	: 40 bits physical, 48 bits virtual
power management:



Memory: 4k page, physical 8176996k(2691528k free), swap 524284k(500164k free)

vm_info: OpenJDK 64-Bit Server VM (24.95-b01) for linux-amd64 JRE (1.7.0_95-b00), built on Jan 26 2016 11:26:28 by "jmm" with gcc 4.9.2

time: Mon Apr 25 07:09:39 2016
elapsed time: 0 seconds

