#
# There is insufficient memory for the Java Runtime Environment to continue.
# Native memory allocation (malloc) failed to allocate 4294967296 bytes for committing reserved memory.
# Possible reasons:
#   The system is out of physical RAM or swap space
#   In 32 bit mode, the process size limit was hit
# Possible solutions:
#   Reduce memory load on the system
#   Increase physical memory or swap space
#   Check if swap backing store is full
#   Use 64 bit Java on a 64 bit OS
#   Decrease Java heap size (-Xmx/-Xms)
#   Decrease number of Java threads
#   Decrease Java thread stack sizes (-Xss)
#   Set larger code cache with -XX:ReservedCodeCacheSize=
# This output file may be truncated or incomplete.
#
#  Out of Memory Error (os_linux.cpp:2827), pid=16245, tid=139700564207360
#
# JRE version:  (7.0_95) (build )
# Java VM: OpenJDK 64-Bit Server VM (24.95-b01 mixed mode linux-amd64 compressed oops)
# Derivative: IcedTea 2.6.4
# Distribution: Debian GNU/Linux 8.2 (jessie), package 7u95-2.6.4-1~deb8u1
# Failed to write core dump. Core dumps have been disabled. To enable core dumping, try "ulimit -c unlimited" before starting Java again
#

---------------  T H R E A D  ---------------

Current thread (0x00007f0e8c00a000):  JavaThread "Unknown thread" [_thread_in_vm, id=16264, stack(0x00007f0e92712000,0x00007f0e92813000)]

Stack: [0x00007f0e92712000,0x00007f0e92813000],  sp=0x00007f0e92811510,  free space=1021k
Native frames: (J=compiled Java code, j=interpreted, Vv=VM code, C=native code)
V  [libjvm.so+0x987a96]
V  [libjvm.so+0x492972]
V  [libjvm.so+0x7f9d3b]
V  [libjvm.so+0x7f441e]
V  [libjvm.so+0x984924]
V  [libjvm.so+0x578da2]
V  [libjvm.so+0x92af59]
V  [libjvm.so+0x5798d2]
V  [libjvm.so+0x56881d]
V  [libjvm.so+0x951537]
V  [libjvm.so+0x951886]
V  [libjvm.so+0x5b465f]
V  [libjvm.so+0x9360cf]
V  [libjvm.so+0x6239f0]  JNI_CreateJavaVM+0x60
C  [libjli.so+0x2b8e]


---------------  P R O C E S S  ---------------

Java Threads: ( => current thread )

Other Threads:

=>0x00007f0e8c00a000 (exited) JavaThread "Unknown thread" [_thread_in_vm, id=16264, stack(0x00007f0e92712000,0x00007f0e92813000)]

VM state:not at safepoint (not fully initialized)

VM Mutex/Monitor currently owned by a thread: None

GC Heap History (0 events):
No events

Deoptimization events (0 events):
No events

Internal exceptions (0 events):
No events

Events (0 events):
No events


Dynamic libraries:
00400000-00401000 r-xp 00000000 00:21 4363                               /usr/lib/jvm/java-7-openjdk-amd64/jre/bin/java
00600000-00601000 r--p 00000000 00:21 4363                               /usr/lib/jvm/java-7-openjdk-amd64/jre/bin/java
00601000-00602000 rw-p 00001000 00:21 4363                               /usr/lib/jvm/java-7-openjdk-amd64/jre/bin/java
01856000-01877000 rw-p 00000000 00:00 0                                  [heap]
670000000-6f0000000 rw-p 00000000 00:00 0 
7f0000000-800000000 rw-p 00000000 00:00 0 
7f0e874fe000-7f0e878fe000 rw-p 00000000 00:00 0 
7f0e878fe000-7f0e8817e000 rw-p 00000000 00:00 0 
7f0e8817e000-7f0e8817f000 rw-p 00000000 00:00 0 
7f0e8817f000-7f0e883ef000 rwxp 00000000 00:00 0 
7f0e883ef000-7f0e8b17f000 rw-p 00000000 00:00 0 
7f0e8b17f000-7f0e8b187000 r-xp 00000000 00:21 4564                       /usr/lib/jvm/java-7-openjdk-amd64/jre/lib/amd64/libzip.so
7f0e8b187000-7f0e8b386000 ---p 00008000 00:21 4564                       /usr/lib/jvm/java-7-openjdk-amd64/jre/lib/amd64/libzip.so
7f0e8b386000-7f0e8b387000 r--p 00007000 00:21 4564                       /usr/lib/jvm/java-7-openjdk-amd64/jre/lib/amd64/libzip.so
7f0e8b387000-7f0e8b388000 rw-p 00008000 00:21 4564                       /usr/lib/jvm/java-7-openjdk-amd64/jre/lib/amd64/libzip.so
7f0e8b388000-7f0e8b393000 r-xp 00000000 00:21 76                         /lib/x86_64-linux-gnu/libnss_files-2.19.so
7f0e8b393000-7f0e8b592000 ---p 0000b000 00:21 76                         /lib/x86_64-linux-gnu/libnss_files-2.19.so
7f0e8b592000-7f0e8b593000 r--p 0000a000 00:21 76                         /lib/x86_64-linux-gnu/libnss_files-2.19.so
7f0e8b593000-7f0e8b594000 rw-p 0000b000 00:21 76                         /lib/x86_64-linux-gnu/libnss_files-2.19.so
7f0e8b594000-7f0e8b59e000 r-xp 00000000 00:21 74                         /lib/x86_64-linux-gnu/libnss_nis-2.19.so
7f0e8b59e000-7f0e8b79d000 ---p 0000a000 00:21 74                         /lib/x86_64-linux-gnu/libnss_nis-2.19.so
7f0e8b79d000-7f0e8b79e000 r--p 00009000 00:21 74                         /lib/x86_64-linux-gnu/libnss_nis-2.19.so
7f0e8b79e000-7f0e8b79f000 rw-p 0000a000 00:21 74                         /lib/x86_64-linux-gnu/libnss_nis-2.19.so
7f0e8b79f000-7f0e8b7b4000 r-xp 00000000 00:21 72                         /lib/x86_64-linux-gnu/libnsl-2.19.so
7f0e8b7b4000-7f0e8b9b3000 ---p 00015000 00:21 72                         /lib/x86_64-linux-gnu/libnsl-2.19.so
7f0e8b9b3000-7f0e8b9b4000 r--p 00014000 00:21 72                         /lib/x86_64-linux-gnu/libnsl-2.19.so
7f0e8b9b4000-7f0e8b9b5000 rw-p 00015000 00:21 72                         /lib/x86_64-linux-gnu/libnsl-2.19.so
7f0e8b9b5000-7f0e8b9b7000 rw-p 00000000 00:00 0 
7f0e8b9b7000-7f0e8b9be000 r-xp 00000000 00:21 70                         /lib/x86_64-linux-gnu/libnss_compat-2.19.so
7f0e8b9be000-7f0e8bbbd000 ---p 00007000 00:21 70                         /lib/x86_64-linux-gnu/libnss_compat-2.19.so
7f0e8bbbd000-7f0e8bbbe000 r--p 00006000 00:21 70                         /lib/x86_64-linux-gnu/libnss_compat-2.19.so
7f0e8bbbe000-7f0e8bbbf000 rw-p 00007000 00:21 70                         /lib/x86_64-linux-gnu/libnss_compat-2.19.so
7f0e8bbbf000-7f0e8bbec000 r-xp 00000000 00:21 4370                       /usr/lib/jvm/java-7-openjdk-amd64/jre/lib/amd64/libjava.so
7f0e8bbec000-7f0e8bdeb000 ---p 0002d000 00:21 4370                       /usr/lib/jvm/java-7-openjdk-amd64/jre/lib/amd64/libjava.so
7f0e8bdeb000-7f0e8bdec000 r--p 0002c000 00:21 4370                       /usr/lib/jvm/java-7-openjdk-amd64/jre/lib/amd64/libjava.so
7f0e8bdec000-7f0e8bdee000 rw-p 0002d000 00:21 4370                       /usr/lib/jvm/java-7-openjdk-amd64/jre/lib/amd64/libjava.so
7f0e8bdee000-7f0e8bdfd000 r-xp 00000000 00:21 4561                       /usr/lib/jvm/java-7-openjdk-amd64/jre/lib/amd64/libverify.so
7f0e8bdfd000-7f0e8bffc000 ---p 0000f000 00:21 4561                       /usr/lib/jvm/java-7-openjdk-amd64/jre/lib/amd64/libverify.so
7f0e8bffc000-7f0e8bfff000 r--p 0000e000 00:21 4561                       /usr/lib/jvm/java-7-openjdk-amd64/jre/lib/amd64/libverify.so
7f0e8bfff000-7f0e8c000000 rw-p 00011000 00:21 4561                       /usr/lib/jvm/java-7-openjdk-amd64/jre/lib/amd64/libverify.so
7f0e8c000000-7f0e8c024000 rw-p 00000000 00:00 0 
7f0e8c024000-7f0e90000000 ---p 00000000 00:00 0 
7f0e9019f000-7f0e901a6000 r-xp 00000000 00:21 122                        /lib/x86_64-linux-gnu/librt-2.19.so
7f0e901a6000-7f0e903a5000 ---p 00007000 00:21 122                        /lib/x86_64-linux-gnu/librt-2.19.so
7f0e903a5000-7f0e903a6000 r--p 00006000 00:21 122                        /lib/x86_64-linux-gnu/librt-2.19.so
7f0e903a6000-7f0e903a7000 rw-p 00007000 00:21 122                        /lib/x86_64-linux-gnu/librt-2.19.so
7f0e903a7000-7f0e903bd000 r-xp 00000000 00:21 3989                       /lib/x86_64-linux-gnu/libgcc_s.so.1
7f0e903bd000-7f0e905bc000 ---p 00016000 00:21 3989                       /lib/x86_64-linux-gnu/libgcc_s.so.1
7f0e905bc000-7f0e905bd000 rw-p 00015000 00:21 3989                       /lib/x86_64-linux-gnu/libgcc_s.so.1
7f0e905bd000-7f0e906bd000 r-xp 00000000 00:21 124                        /lib/x86_64-linux-gnu/libm-2.19.so
7f0e906bd000-7f0e908bc000 ---p 00100000 00:21 124                        /lib/x86_64-linux-gnu/libm-2.19.so
7f0e908bc000-7f0e908bd000 r--p 000ff000 00:21 124                        /lib/x86_64-linux-gnu/libm-2.19.so
7f0e908bd000-7f0e908be000 rw-p 00100000 00:21 124                        /lib/x86_64-linux-gnu/libm-2.19.so
7f0e908be000-7f0e909aa000 r-xp 00000000 00:21 3988                       /usr/lib/x86_64-linux-gnu/libstdc++.so.6.0.20
7f0e909aa000-7f0e90baa000 ---p 000ec000 00:21 3988                       /usr/lib/x86_64-linux-gnu/libstdc++.so.6.0.20
7f0e90baa000-7f0e90bb2000 r--p 000ec000 00:21 3988                       /usr/lib/x86_64-linux-gnu/libstdc++.so.6.0.20
7f0e90bb2000-7f0e90bb4000 rw-p 000f4000 00:21 3988                       /usr/lib/x86_64-linux-gnu/libstdc++.so.6.0.20
7f0e90bb4000-7f0e90bc9000 rw-p 00000000 00:00 0 
7f0e90bc9000-7f0e9171f000 r-xp 00000000 00:21 4373                       /usr/lib/jvm/java-7-openjdk-amd64/jre/lib/amd64/server/libjvm.so
7f0e9171f000-7f0e9191e000 ---p 00b56000 00:21 4373                       /usr/lib/jvm/java-7-openjdk-amd64/jre/lib/amd64/server/libjvm.so
7f0e9191e000-7f0e919bd000 r--p 00d55000 00:21 4373                       /usr/lib/jvm/java-7-openjdk-amd64/jre/lib/amd64/server/libjvm.so
7f0e919bd000-7f0e919e0000 rw-p 00df4000 00:21 4373                       /usr/lib/jvm/java-7-openjdk-amd64/jre/lib/amd64/server/libjvm.so
7f0e919e0000-7f0e91a0d000 rw-p 00000000 00:00 0 
7f0e91a0d000-7f0e91a27000 r-xp 00000000 00:21 4369                       /lib/x86_64-linux-gnu/libz.so.1.2.8
7f0e91a27000-7f0e91c26000 ---p 0001a000 00:21 4369                       /lib/x86_64-linux-gnu/libz.so.1.2.8
7f0e91c26000-7f0e91c27000 r--p 00019000 00:21 4369                       /lib/x86_64-linux-gnu/libz.so.1.2.8
7f0e91c27000-7f0e91c28000 rw-p 0001a000 00:21 4369                       /lib/x86_64-linux-gnu/libz.so.1.2.8
7f0e91c28000-7f0e91dca000 r-xp 00000000 00:21 41                         /lib/x86_64-linux-gnu/libc-2.19.so
7f0e91dca000-7f0e91fc9000 ---p 001a2000 00:21 41                         /lib/x86_64-linux-gnu/libc-2.19.so
7f0e91fc9000-7f0e91fcd000 r--p 001a1000 00:21 41                         /lib/x86_64-linux-gnu/libc-2.19.so
7f0e91fcd000-7f0e91fcf000 rw-p 001a5000 00:21 41                         /lib/x86_64-linux-gnu/libc-2.19.so
7f0e91fcf000-7f0e91fd3000 rw-p 00000000 00:00 0 
7f0e91fd3000-7f0e91fd6000 r-xp 00000000 00:21 50                         /lib/x86_64-linux-gnu/libdl-2.19.so
7f0e91fd6000-7f0e921d5000 ---p 00003000 00:21 50                         /lib/x86_64-linux-gnu/libdl-2.19.so
7f0e921d5000-7f0e921d6000 r--p 00002000 00:21 50                         /lib/x86_64-linux-gnu/libdl-2.19.so
7f0e921d6000-7f0e921d7000 rw-p 00003000 00:21 50                         /lib/x86_64-linux-gnu/libdl-2.19.so
7f0e921d7000-7f0e921e4000 r-xp 00000000 00:21 4367                       /usr/lib/jvm/java-7-openjdk-amd64/jre/lib/amd64/jli/libjli.so
7f0e921e4000-7f0e923e3000 ---p 0000d000 00:21 4367                       /usr/lib/jvm/java-7-openjdk-amd64/jre/lib/amd64/jli/libjli.so
7f0e923e3000-7f0e923e4000 r--p 0000c000 00:21 4367                       /usr/lib/jvm/java-7-openjdk-amd64/jre/lib/amd64/jli/libjli.so
7f0e923e4000-7f0e923e5000 rw-p 0000d000 00:21 4367                       /usr/lib/jvm/java-7-openjdk-amd64/jre/lib/amd64/jli/libjli.so
7f0e923e5000-7f0e923fd000 r-xp 00000000 00:21 64                         /lib/x86_64-linux-gnu/libpthread-2.19.so
7f0e923fd000-7f0e925fc000 ---p 00018000 00:21 64                         /lib/x86_64-linux-gnu/libpthread-2.19.so
7f0e925fc000-7f0e925fd000 r--p 00017000 00:21 64                         /lib/x86_64-linux-gnu/libpthread-2.19.so
7f0e925fd000-7f0e925fe000 rw-p 00018000 00:21 64                         /lib/x86_64-linux-gnu/libpthread-2.19.so
7f0e925fe000-7f0e92602000 rw-p 00000000 00:00 0 
7f0e92602000-7f0e92622000 r-xp 00000000 00:21 38                         /lib/x86_64-linux-gnu/ld-2.19.so
7f0e9264a000-7f0e92654000 rw-p 00000000 00:00 0 
7f0e92654000-7f0e9270a000 rw-p 00000000 00:00 0 
7f0e9270a000-7f0e92712000 rw-s 00000000 00:21 14780                      /tmp/hsperfdata_jovyan/16245
7f0e92712000-7f0e92715000 ---p 00000000 00:00 0 
7f0e92715000-7f0e92818000 rw-p 00000000 00:00 0                          [stack:16264]
7f0e9281c000-7f0e9281f000 rw-p 00000000 00:00 0 
7f0e9281f000-7f0e92820000 r--p 00000000 00:00 0 
7f0e92820000-7f0e92822000 rw-p 00000000 00:00 0 
7f0e92822000-7f0e92823000 r--p 00020000 00:21 38                         /lib/x86_64-linux-gnu/ld-2.19.so
7f0e92823000-7f0e92824000 rw-p 00021000 00:21 38                         /lib/x86_64-linux-gnu/ld-2.19.so
7f0e92824000-7f0e92825000 rw-p 00000000 00:00 0 
7fff670ca000-7fff670eb000 rw-p 00000000 00:00 0                          [stack]
7fff67165000-7fff67167000 r-xp 00000000 00:00 0                          [vdso]
ffffffffff600000-ffffffffff601000 r-xp 00000000 00:00 0                  [vsyscall]

VM Arguments:
jvm_args: -Djava.security.krb5.conf=/opt/hathi-client/conf/krb5.conf -Djava.security.krb5.realm=CUA.SURFSARA.NL -Djava.security.krb5.kdc=kdc.hathi.surfsara.nl -Xms6g -Xmx6g -XX:MaxPermSize=256m 
java_command: org.apache.spark.deploy.SparkSubmit pyspark-shell
Launcher Type: SUN_STANDARD

Environment Variables:
JAVA_HOME=/usr/lib/jvm/java-7-openjdk-amd64/
PATH=/opt/conda/bin:/usr/local/sbin:/usr/local/bin:/usr/sbin:/usr/bin:/sbin:/bin:/opt/hathi-client/hadoop/bin::/opt/hathi-client
SHELL=/bin/bash

Signal Handlers:
SIGSEGV: [libjvm.so+0x988580], sa_mask[0]=0x7ffbfeff, sa_flags=0x10000004
SIGBUS: [libjvm.so+0x988580], sa_mask[0]=0x7ffbfeff, sa_flags=0x10000004
SIGFPE: [libjvm.so+0x7f5280], sa_mask[0]=0x7ffbfeff, sa_flags=0x10000004
SIGPIPE: [libjvm.so+0x7f5280], sa_mask[0]=0x7ffbfeff, sa_flags=0x10000004
SIGXFSZ: [libjvm.so+0x7f5280], sa_mask[0]=0x7ffbfeff, sa_flags=0x10000004
SIGILL: [libjvm.so+0x7f5280], sa_mask[0]=0x7ffbfeff, sa_flags=0x10000004
SIGUSR1: SIG_DFL, sa_mask[0]=0x00000000, sa_flags=0x00000000
SIGUSR2: [libjvm.so+0x7f5100], sa_mask[0]=0x00000000, sa_flags=0x10000004
SIGHUP: SIG_DFL, sa_mask[0]=0x00000000, sa_flags=0x00000000
SIGINT: SIG_IGN, sa_mask[0]=0x00000000, sa_flags=0x00000000
SIGTERM: SIG_DFL, sa_mask[0]=0x00000000, sa_flags=0x00000000
SIGQUIT: SIG_DFL, sa_mask[0]=0x00000000, sa_flags=0x00000000
SIGTRAP: SIG_DFL, sa_mask[0]=0x00000000, sa_flags=0x00000000


---------------  S Y S T E M  ---------------

OS:8.3

uname:Linux 3.13.0-85-generic #129-Ubuntu SMP Thu Mar 17 20:50:15 UTC 2016 x86_64
libc:glibc 2.19 NPTL 2.19 
rlimit: STACK 8192k, CORE 0k, NPROC 63706, NOFILE 4096, AS infinity
load average:0.32 0.22 0.17

/proc/meminfo:
MemTotal:        8176996 kB
MemFree:         2164684 kB
Buffers:          128744 kB
Cached:          1005512 kB
SwapCached:        12612 kB
Active:          4415540 kB
Inactive:        1339940 kB
Active(anon):    3580580 kB
Inactive(anon):  1042060 kB
Active(file):     834960 kB
Inactive(file):   297880 kB
Unevictable:           0 kB
Mlocked:               0 kB
SwapTotal:        524284 kB
SwapFree:         424880 kB
Dirty:                72 kB
Writeback:             0 kB
AnonPages:       4615376 kB
Mapped:            48376 kB
Shmem:              1388 kB
Slab:             166004 kB
SReclaimable:     100980 kB
SUnreclaim:        65024 kB
KernelStack:        1688 kB
PageTables:        14568 kB
NFS_Unstable:          0 kB
Bounce:                0 kB
WritebackTmp:          0 kB
CommitLimit:     4612780 kB
Committed_AS:   11211156 kB
VmallocTotal:   34359738367 kB
VmallocUsed:       26112 kB
VmallocChunk:   34359694652 kB
HardwareCorrupted:     0 kB
AnonHugePages:   2973696 kB
HugePages_Total:       0
HugePages_Free:        0
HugePages_Rsvd:        0
HugePages_Surp:        0
Hugepagesize:       2048 kB
DirectMap4k:       73600 kB
DirectMap2M:     5169152 kB
DirectMap1G:     5242880 kB


CPU:total 1 (1 cores per cpu, 1 threads per core) family 6 model 63 stepping 2, cmov, cx8, fxsr, mmx, sse, sse2, sse3, ssse3, sse4.1, sse4.2, popcnt, avx, avx2, aes, erms, tsc

/proc/cpuinfo:
processor	: 0
vendor_id	: GenuineIntel
cpu family	: 6
model		: 63
model name	: Intel(R) Xeon(R) CPU E5-2698 v3 @ 2.30GHz
stepping	: 2
microcode	: 0x1
cpu MHz		: 2299.994
cache size	: 40960 KB
physical id	: 0
siblings	: 1
core id		: 0
cpu cores	: 1
apicid		: 0
initial apicid	: 0
fpu		: yes
fpu_exception	: yes
cpuid level	: 13
wp		: yes
flags		: fpu vme de pse tsc msr pae mce cx8 apic sep mtrr pge mca cmov pat pse36 clflush mmx fxsr sse sse2 ss syscall nx pdpe1gb rdtscp lm constant_tsc arch_perfmon rep_good nopl eagerfpu pni pclmulqdq ssse3 fma cx16 pcid sse4_1 sse4_2 x2apic movbe popcnt tsc_deadline_timer aes xsave avx f16c rdrand hypervisor lahf_lm abm arat xsaveopt fsgsbase tsc_adjust bmi1 avx2 smep bmi2 erms invpcid
bogomips	: 4599.98
clflush size	: 64
cache_alignment	: 64
address sizes	: 40 bits physical, 48 bits virtual
power management:



Memory: 4k page, physical 8176996k(2164684k free), swap 524284k(424880k free)

vm_info: OpenJDK 64-Bit Server VM (24.95-b01) for linux-amd64 JRE (1.7.0_95-b00), built on Jan 26 2016 11:26:28 by "jmm" with gcc 4.9.2

time: Fri May  6 14:05:17 2016
elapsed time: 0 seconds

